<?xml version="1.0" encoding="UTF-8"?>
<!-- Generated by org.testng.reporters.JUnitXMLReporter -->
<testsuite ignored="0" hostname="LAXMI" failures="1" tests="1" name="Nopackage" time="0.695" errors="0" timestamp="28 Mar 2022 11:02:08 GMT">
  <testcase classname="TestScript.Multicity.FlightMulticity" name="@AfterMethod afterMetod" time="0.0">
    <failure type="java.lang.Error" message="Unresolved compilation problem: 
	test cannot be resolved
">
      <![CDATA[java.lang.Error: Unresolved compilation problem: 
	test cannot be resolved

	at TestScript.Multicity.FlightMulticity.afterMetod(FlightMulticity.java:103)
... Removed 27 stack frames]]>
    </failure>
  </testcase> <!-- @AfterMethod afterMetod -->
  <testcase classname="TestScript.Multicity.FlightMulticity" name="flightMultiCitytest" time="0.006">
    <failure type="java.lang.Error" message="Unresolved compilation problems: 
	driver cannot be resolved
	test cannot be resolved to a variable
	report cannot be resolved
">
      <![CDATA[java.lang.Error: Unresolved compilation problems: 
	driver cannot be resolved
	test cannot be resolved to a variable
	report cannot be resolved

	at TestScript.Multicity.FlightMulticity.flightMultiCitytest(FlightMulticity.java:51)
... Removed 25 stack frames]]>
    </failure>
  </testcase> <!-- flightMultiCitytest -->
</testsuite> <!-- Nopackage -->
