<html>
<head>
<title>TestNG:  Nopackage</title>
<link href="../testng.css" rel="stylesheet" type="text/css" />
<link href="../my-testng.css" rel="stylesheet" type="text/css" />

<style type="text/css">
.log { display: none;} 
.stack-trace { display: none;} 
</style>
<script type="text/javascript">
<!--
function flip(e) {
  current = e.style.display;
  if (current == 'block') {
    e.style.display = 'none';
    return 0;
  }
  else {
    e.style.display = 'block';
    return 1;
  }
}

function toggleBox(szDivId, elem, msg1, msg2)
{
  var res = -1;  if (document.getElementById) {
    res = flip(document.getElementById(szDivId));
  }
  else if (document.all) {
    // this is the way old msie versions work
    res = flip(document.all[szDivId]);
  }
  if(elem) {
    if(res == 0) elem.innerHTML = msg1; else elem.innerHTML = msg2;
  }

}

function toggleAllBoxes() {
  if (document.getElementsByTagName) {
    d = document.getElementsByTagName('div');
    for (i = 0; i < d.length; i++) {
      if (d[i].className == 'log') {
        flip(d[i]);
      }
    }
  }
}

// -->
</script>

</head>
<body>
<h2 align='center'>Nopackage</h2><table border='1' align="center">
<tr>
<td>Tests passed/Failed/Skipped:</td><td>0/1/0</td>
</tr><tr>
<td>Started on:</td><td>Mon Jan 27 11:11:37 IST 2020</td>
</tr>
<tr><td>Total time:</td><td>202 seconds (202391 ms)</td>
</tr><tr>
<td>Included groups:</td><td></td>
</tr><tr>
<td>Excluded groups:</td><td></td>
</tr>
</table><p/>
<small><i>(Hover the method name to see the test class name)</i></small><p/>
<table width='100%' border='1' class='invocation-failed'>
<tr><td colspan='4' align='center'><b>FAILED TESTS</b></td></tr>
<tr><td><b>Test method</b></td>
<td width="30%"><b>Exception</b></td>
<td width="10%"><b>Time (seconds)</b></td>
<td><b>Instance</b></td>
</tr>
<tr>
<td title='TestScript.OneWay.FlightOneWay.flightOneway()'><b>flightOneway</b><br>Test class: TestScript.OneWay.FlightOneWay<br>Parameters: ql, tarun.chugh@quadlabs.com, J15QG5BT26&$!)&, del, New Delhi, India - Indira Gandhi International Airport (DEL), dxb, Dubai, United Arab Emirates - Dubai International Airport (DXB), 2212020, International, 2, 0, 2, Indian Rupees, Economy, JET AIRWAYS,AIR INDIA,EMIRATES,KUWAIT AIRWAYS, anjali.jain@quadlabs.com, MRS,Ms, Anjali,Priya, kumari, jain,singh, 25,24, Apr,Jan, 1990,1991, 987878,4434343, 91, 9212487567, 5566774,4667785, India (IN),India (IN), 6,10, Dec,Jan, 2035,2029, Indian,Afghan, Miss,Mstr, Dev,Sawara, jain,bansal, 28,17, Aug,Dec, 2010,2015, 676767,8765456, 232323,454545, India (IN),India (IN), 28,17, Aug,Dec, 2021,2025, Indian,Indian, Miss,Mstr, saanvi,Manan, Gupta,Bansal, 28,17, Aug,Dec, 2018,2017, 56543543,6534222, Adult1,Adult2, 232323,454545, India (IN),Australia (AU), 28,17, Aug,Dec, 2021,2025, Indian,Indian, MR, Aseem, jain, Nirman nagar, Jai, Jaipur, Haryana, 202019, India (IN), Debit Card, Visa, 4811111111111114, test test, 11, 2020, 123, 112233, 94603, 100</td>
<td><div><pre>org.openqa.selenium.NoSuchElementException: Cannot locate element with text: 2017
For documentation on this error, please visit: http://seleniumhq.org/exceptions/no_such_element.html
Build info: version: &apos;3.0.1&apos;, revision: &apos;1969d75&apos;, time: &apos;2016-10-18 09:49:13 -0700&apos;
System info: host: &apos;Anjali&apos;, ip: &apos;192.168.111.111&apos;, os.name: &apos;Windows 10&apos;, os.arch: &apos;amd64&apos;, os.version: &apos;10.0&apos;, java.version: &apos;1.8.0_121&apos;
Driver info: driver.version: unknown
	at org.openqa.selenium.support.ui.Select.selectByVisibleText(Select.java:151)
	at Base.TestBase.selectTextByLocator(TestBase.java:265)
	at Base.TestBase.infantCheckout(TestBase.java:1509)
	at entities.FlightOneWay_Search.flight_search(FlightOneWay_Search.java:216)
	at TestScript.OneWay.FlightOneWay.flightOneway(FlightOneWay.java:57)
... Removed 25 stack frames</pre></div><a href='#' onClick='toggleBox("stack-trace318794136", this, "Click to show all stack frames", "Click to hide stack frames")'>Click to show all stack frames</a>
<div class='stack-trace' id='stack-trace318794136'><pre>org.openqa.selenium.NoSuchElementException: Cannot locate element with text: 2017
For documentation on this error, please visit: http://seleniumhq.org/exceptions/no_such_element.html
Build info: version: &apos;3.0.1&apos;, revision: &apos;1969d75&apos;, time: &apos;2016-10-18 09:49:13 -0700&apos;
System info: host: &apos;Anjali&apos;, ip: &apos;192.168.111.111&apos;, os.name: &apos;Windows 10&apos;, os.arch: &apos;amd64&apos;, os.version: &apos;10.0&apos;, java.version: &apos;1.8.0_121&apos;
Driver info: driver.version: unknown
	at org.openqa.selenium.support.ui.Select.selectByVisibleText(Select.java:151)
	at Base.TestBase.selectTextByLocator(TestBase.java:265)
	at Base.TestBase.infantCheckout(TestBase.java:1509)
	at entities.FlightOneWay_Search.flight_search(FlightOneWay_Search.java:216)
	at TestScript.OneWay.FlightOneWay.flightOneway(FlightOneWay.java:57)
	at sun.reflect.NativeMethodAccessorImpl.invoke0(Native Method)
	at sun.reflect.NativeMethodAccessorImpl.invoke(Unknown Source)
	at sun.reflect.DelegatingMethodAccessorImpl.invoke(Unknown Source)
	at java.lang.reflect.Method.invoke(Unknown Source)
	at org.testng.internal.MethodInvocationHelper.invokeMethod(MethodInvocationHelper.java:104)
	at org.testng.internal.Invoker.invokeMethod(Invoker.java:645)
	at org.testng.internal.Invoker.invokeTestMethod(Invoker.java:851)
	at org.testng.internal.Invoker.invokeTestMethods(Invoker.java:1177)
	at org.testng.internal.TestMethodWorker.invokeTestMethods(TestMethodWorker.java:129)
	at org.testng.internal.TestMethodWorker.run(TestMethodWorker.java:112)
	at org.testng.TestRunner.privateRun(TestRunner.java:756)
	at org.testng.TestRunner.run(TestRunner.java:610)
	at org.testng.SuiteRunner.runTest(SuiteRunner.java:387)
	at org.testng.SuiteRunner.runSequentially(SuiteRunner.java:382)
	at org.testng.SuiteRunner.privateRun(SuiteRunner.java:340)
	at org.testng.SuiteRunner.run(SuiteRunner.java:289)
	at org.testng.SuiteRunnerWorker.runSuite(SuiteRunnerWorker.java:52)
	at org.testng.SuiteRunnerWorker.run(SuiteRunnerWorker.java:86)
	at org.testng.TestNG.runSuitesSequentially(TestNG.java:1293)
	at org.testng.TestNG.runSuitesLocally(TestNG.java:1218)
	at org.testng.TestNG.runSuites(TestNG.java:1133)
	at org.testng.TestNG.run(TestNG.java:1104)
	at org.testng.remote.AbstractRemoteTestNG.run(AbstractRemoteTestNG.java:132)
	at org.testng.remote.RemoteTestNG.initAndRun(RemoteTestNG.java:230)
	at org.testng.remote.RemoteTestNG.main(RemoteTestNG.java:76)
</pre></div></td>
<td>191</td>
<td>TestScript.OneWay.FlightOneWay@3b088d51</td></tr>
</table><p>
</body>
</html>