<?xml version="1.0" encoding="UTF-8"?>
<!-- Generated by org.testng.reporters.JUnitReportReporter -->
<testsuite hostname="SHUBHAM" failures="0" tests="40" name="sbt117.CorporateProfiling" time="1673.567" errors="1" timestamp="2023-08-31T12:30:49 IST" skipped="0">
  <testcase classname="sbt117.CorporateProfiling" name="corporateProfiling" time="42.576"/>
  <system-out/>
  <testcase classname="sbt117.CorporateProfiling" name="corporateProfiling" time="40.818"/>
  <system-out/>
  <testcase classname="sbt117.CorporateProfiling" name="corporateProfiling" time="40.917"/>
  <system-out/>
  <testcase classname="sbt117.CorporateProfiling" name="corporateProfiling" time="42.151"/>
  <system-out/>
  <testcase classname="sbt117.CorporateProfiling" name="corporateProfiling" time="41.123"/>
  <system-out/>
  <testcase classname="sbt117.CorporateProfiling" name="corporateProfiling" time="42.087"/>
  <system-out/>
  <testcase classname="sbt117.CorporateProfiling" name="corporateProfiling" time="41.846"/>
  <system-out/>
  <testcase classname="sbt117.CorporateProfiling" name="corporateProfiling" time="42.670"/>
  <system-out/>
  <testcase classname="sbt117.CorporateProfiling" name="corporateProfiling" time="43.031"/>
  <system-out/>
  <testcase classname="sbt117.CorporateProfiling" name="corporateProfiling" time="41.631"/>
  <system-out/>
  <testcase classname="sbt117.CorporateProfiling" name="corporateProfiling" time="41.623"/>
  <system-out/>
  <testcase classname="sbt117.CorporateProfiling" name="corporateProfiling" time="41.523"/>
  <system-out/>
  <testcase classname="sbt117.CorporateProfiling" name="corporateProfiling" time="42.942"/>
  <system-out/>
  <testcase classname="sbt117.CorporateProfiling" name="corporateProfiling" time="40.420"/>
  <system-out/>
  <testcase classname="sbt117.CorporateProfiling" name="corporateProfiling" time="41.487"/>
  <system-out/>
  <testcase classname="sbt117.CorporateProfiling" name="corporateProfiling" time="44.404"/>
  <system-out/>
  <testcase classname="sbt117.CorporateProfiling" name="corporateProfiling" time="41.303"/>
  <system-out/>
  <testcase classname="sbt117.CorporateProfiling" name="corporateProfiling" time="40.164"/>
  <system-out/>
  <testcase classname="sbt117.CorporateProfiling" name="corporateProfiling" time="42.401"/>
  <system-out/>
  <testcase classname="sbt117.CorporateProfiling" name="corporateProfiling" time="42.214"/>
  <system-out/>
  <testcase classname="sbt117.CorporateProfiling" name="corporateProfiling" time="42.509"/>
  <system-out/>
  <testcase classname="sbt117.CorporateProfiling" name="corporateProfiling" time="44.184"/>
  <system-out/>
  <testcase classname="sbt117.CorporateProfiling" name="corporateProfiling" time="42.050"/>
  <system-out/>
  <testcase classname="sbt117.CorporateProfiling" name="corporateProfiling" time="46.663"/>
  <system-out/>
  <testcase classname="sbt117.CorporateProfiling" name="corporateProfiling" time="41.512"/>
  <system-out/>
  <testcase classname="sbt117.CorporateProfiling" name="corporateProfiling" time="41.235"/>
  <system-out/>
  <testcase classname="sbt117.CorporateProfiling" name="corporateProfiling" time="42.094"/>
  <system-out/>
  <testcase classname="sbt117.CorporateProfiling" name="corporateProfiling" time="41.908"/>
  <system-out/>
  <testcase classname="sbt117.CorporateProfiling" name="corporateProfiling" time="33.176">
    <error message="stale element reference: stale element not found
  (Session info: chrome=116.0.5845.111)
For documentation on this error, please visit: https://selenium.dev/exceptions/#stale_element_reference
Build info: version: &#039;4.1.4&#039;, revision: &#039;535d840ee2&#039;
System info: host: &#039;SHUBHAM&#039;, ip: &#039;192.168.111.145&#039;, os.name: &#039;Windows 10&#039;, os.arch: &#039;amd64&#039;, os.version: &#039;10.0&#039;, java.version: &#039;17.0.1&#039;
Driver info: org.openqa.selenium.chrome.ChromeDriver
Command: [2595603188f5126ac982c30226029640, clickElement {id=43FFC46E9BB50F6FBA5A3F494A087D30_element_874}]
Capabilities {acceptInsecureCerts: false, browserName: chrome, browserVersion: 116.0.5845.111, chrome: {chromedriverVersion: 116.0.5845.96 (1a3918166880..., userDataDir: C:\Users\SHUBHA~1.NAT\AppDa...}, fedcm:accounts: true, goog:chromeOptions: {debuggerAddress: localhost:60439}, javascriptEnabled: true, networkConnectionEnabled: false, pageLoadStrategy: normal, platform: WINDOWS, platformName: WINDOWS, proxy: Proxy(), se:cdp: ws://localhost:60439/devtoo..., se:cdpVersion: 116.0.5845.111, setWindowRect: true, strictFileInteractability: false, timeouts: {implicit: 0, pageLoad: 300000, script: 30000}, unhandledPromptBehavior: dismiss and notify, webauthn:extension:credBlob: true, webauthn:extension:largeBlob: true, webauthn:extension:minPinLength: true, webauthn:extension:prf: true, webauthn:virtualAuthenticators: true}
Element: [[ChromeDriver: chrome on WINDOWS (2595603188f5126ac982c30226029640)] -&gt; xpath: //div[@id=&#039;divCity&#039;]/p]
Session ID: 2595603188f5126ac982c30226029640" type="org.openqa.selenium.StaleElementReferenceException">
      <![CDATA[org.openqa.selenium.StaleElementReferenceException: stale element reference: stale element not found
  (Session info: chrome=116.0.5845.111)
For documentation on this error, please visit: https://selenium.dev/exceptions/#stale_element_reference
Build info: version: '4.1.4', revision: '535d840ee2'
System info: host: 'SHUBHAM', ip: '192.168.111.145', os.name: 'Windows 10', os.arch: 'amd64', os.version: '10.0', java.version: '17.0.1'
Driver info: org.openqa.selenium.chrome.ChromeDriver
Command: [2595603188f5126ac982c30226029640, clickElement {id=43FFC46E9BB50F6FBA5A3F494A087D30_element_874}]
Capabilities {acceptInsecureCerts: false, browserName: chrome, browserVersion: 116.0.5845.111, chrome: {chromedriverVersion: 116.0.5845.96 (1a3918166880..., userDataDir: C:\Users\SHUBHA~1.NAT\AppDa...}, fedcm:accounts: true, goog:chromeOptions: {debuggerAddress: localhost:60439}, javascriptEnabled: true, networkConnectionEnabled: false, pageLoadStrategy: normal, platform: WINDOWS, platformName: WINDOWS, proxy: Proxy(), se:cdp: ws://localhost:60439/devtoo..., se:cdpVersion: 116.0.5845.111, setWindowRect: true, strictFileInteractability: false, timeouts: {implicit: 0, pageLoad: 300000, script: 30000}, unhandledPromptBehavior: dismiss and notify, webauthn:extension:credBlob: true, webauthn:extension:largeBlob: true, webauthn:extension:minPinLength: true, webauthn:extension:prf: true, webauthn:virtualAuthenticators: true}
Element: [[ChromeDriver: chrome on WINDOWS (2595603188f5126ac982c30226029640)] -> xpath: //div[@id='divCity']/p]
Session ID: 2595603188f5126ac982c30226029640
at java.base/jdk.internal.reflect.NativeConstructorAccessorImpl.newInstance0(Native Method)
at java.base/jdk.internal.reflect.NativeConstructorAccessorImpl.newInstance(NativeConstructorAccessorImpl.java:77)
at java.base/jdk.internal.reflect.DelegatingConstructorAccessorImpl.newInstance(DelegatingConstructorAccessorImpl.java:45)
at java.base/java.lang.reflect.Constructor.newInstanceWithCaller(Constructor.java:499)
at java.base/java.lang.reflect.Constructor.newInstance(Constructor.java:480)
at org.openqa.selenium.remote.codec.w3c.W3CHttpResponseCodec.createException(W3CHttpResponseCodec.java:200)
at org.openqa.selenium.remote.codec.w3c.W3CHttpResponseCodec.decode(W3CHttpResponseCodec.java:133)
at org.openqa.selenium.remote.codec.w3c.W3CHttpResponseCodec.decode(W3CHttpResponseCodec.java:53)
at org.openqa.selenium.remote.HttpCommandExecutor.execute(HttpCommandExecutor.java:184)
at org.openqa.selenium.remote.service.DriverCommandExecutor.invokeExecute(DriverCommandExecutor.java:167)
at org.openqa.selenium.remote.service.DriverCommandExecutor.execute(DriverCommandExecutor.java:142)
at org.openqa.selenium.remote.RemoteWebDriver.execute(RemoteWebDriver.java:567)
at org.openqa.selenium.remote.RemoteWebElement.execute(RemoteWebElement.java:251)
at org.openqa.selenium.remote.RemoteWebElement.click(RemoteWebElement.java:77)
at Base.TestBase.listofautosuggestion(TestBase.java:148)
at sbt117.CorporateProfiling.corporateProfiling(CorporateProfiling.java:73)
at jdk.internal.reflect.GeneratedMethodAccessor54.invoke(Unknown Source)
at java.base/jdk.internal.reflect.DelegatingMethodAccessorImpl.invoke(DelegatingMethodAccessorImpl.java:43)
at java.base/java.lang.reflect.Method.invoke(Method.java:568)
at org.testng.internal.MethodInvocationHelper.invokeMethod(MethodInvocationHelper.java:133)
at org.testng.internal.TestInvoker.invokeMethod(TestInvoker.java:598)
at org.testng.internal.TestInvoker.invokeTestMethod(TestInvoker.java:173)
at org.testng.internal.MethodRunner.runInSequence(MethodRunner.java:46)
at org.testng.internal.TestInvoker$MethodInvocationAgent.invoke(TestInvoker.java:824)
at org.testng.internal.TestInvoker.invokeTestMethods(TestInvoker.java:146)
at org.testng.internal.TestMethodWorker.invokeTestMethods(TestMethodWorker.java:146)
at org.testng.internal.TestMethodWorker.run(TestMethodWorker.java:128)
at java.base/java.util.ArrayList.forEach(ArrayList.java:1511)
at org.testng.TestRunner.privateRun(TestRunner.java:794)
at org.testng.TestRunner.run(TestRunner.java:596)
at org.testng.SuiteRunner.runTest(SuiteRunner.java:377)
at org.testng.SuiteRunner.runSequentially(SuiteRunner.java:371)
at org.testng.SuiteRunner.privateRun(SuiteRunner.java:332)
at org.testng.SuiteRunner.run(SuiteRunner.java:276)
at org.testng.SuiteRunnerWorker.runSuite(SuiteRunnerWorker.java:53)
at org.testng.SuiteRunnerWorker.run(SuiteRunnerWorker.java:96)
at org.testng.TestNG.runSuitesSequentially(TestNG.java:1212)
at org.testng.TestNG.runSuitesLocally(TestNG.java:1134)
at org.testng.TestNG.runSuites(TestNG.java:1063)
at org.testng.TestNG.run(TestNG.java:1031)
at org.testng.remote.AbstractRemoteTestNG.run(AbstractRemoteTestNG.java:115)
at org.testng.remote.RemoteTestNG.initAndRun(RemoteTestNG.java:251)
at org.testng.remote.RemoteTestNG.main(RemoteTestNG.java:77)
]]>
    </error>
  </testcase> <!-- corporateProfiling -->
  <system-out/>
  <testcase classname="sbt117.CorporateProfiling" name="corporateProfiling" time="41.068"/>
  <system-out/>
  <testcase classname="sbt117.CorporateProfiling" name="corporateProfiling" time="43.259"/>
  <system-out/>
  <testcase classname="sbt117.CorporateProfiling" name="corporateProfiling" time="41.427"/>
  <system-out/>
  <testcase classname="sbt117.CorporateProfiling" name="corporateProfiling" time="41.484"/>
  <system-out/>
  <testcase classname="sbt117.CorporateProfiling" name="corporateProfiling" time="41.800"/>
  <system-out/>
  <testcase classname="sbt117.CorporateProfiling" name="corporateProfiling" time="41.564"/>
  <system-out/>
  <testcase classname="sbt117.CorporateProfiling" name="corporateProfiling" time="42.789"/>
  <system-out/>
  <testcase classname="sbt117.CorporateProfiling" name="corporateProfiling" time="43.014"/>
  <system-out/>
  <testcase classname="sbt117.CorporateProfiling" name="corporateProfiling" time="41.537"/>
  <system-out/>
  <testcase classname="sbt117.CorporateProfiling" name="corporateProfiling" time="40.989"/>
  <system-out/>
  <testcase classname="sbt117.CorporateProfiling" name="corporateProfiling" time="41.974"/>
  <system-out/>
</testsuite> <!-- sbt117.CorporateProfiling -->
