<?xml version="1.0" encoding="UTF-8"?>
<!-- Generated by org.testng.reporters.JUnitReportReporter -->
<testsuite hostname="SHUBHAM" failures="0" tests="3" name="CarporateSBT.dependentBookForFamily" time="104.652" errors="3" timestamp="2022-06-30T11:05:45 IST" skipped="0">
  <testcase classname="CarporateSBT.dependentBookForFamily" name="Profiling1" time="32.006">
    <error message="element click intercepted: Element &lt;a id=&quot;GvClientEnquiry_ctl02_lnk...&quot; disabled=&quot;disabled&quot; class=&quot;btn btn-success btn-sm btn_icon&quot; href=&quot;/OnlineMetaBookSBT/Home/TripPlanner?EnquiryId=733024&amp;amp;subagentID=186489&amp;amp;SubAgentUserId=185006&amp;amp;SubagentBranchId=52744&amp;amp;BranchCode=966&amp;amp;BRIGHTS=0&amp;amp;LoginName=SHUBHAM1&amp;amp;CorporateAgent=True&amp;amp;CorporateUserType=0&amp;amp;CompCode=AT&amp;amp;LangCode=GB&amp;amp;FOPCountOnPayment=3&amp;amp;EnableBillToBranch=TRUE&amp;amp;EnableManualCardEntry=TRUE&amp;amp;IsStarCategory=TRUE&amp;amp;IsDisplaySupplierLogo=TRUE&amp;amp;IsDisplaySandForApproval=TRUE&amp;amp;CanBookDaysBefore_TripStart=true&amp;amp;uid=abf211a2-a845-4492-9a20-1fcb312ef700&quot; style=&quot;width: auto;&quot;&gt;Book&lt;/a&gt; is not clickable at point (1125, 221). Other element would receive the click: &lt;td class=&quot;FLabel2&quot; align=&quot;left&quot; style=&quot;width:130px;&quot;&gt;...&lt;/td&gt;
  (Session info: chrome=103.0.5060.66)
Build info: version: &#039;4.1.4&#039;, revision: &#039;535d840ee2&#039;
System info: host: &#039;SHUBHAM&#039;, ip: &#039;192.168.111.71&#039;, os.name: &#039;Windows 10&#039;, os.arch: &#039;amd64&#039;, os.version: &#039;10.0&#039;, java.version: &#039;17.0.1&#039;
Driver info: org.openqa.selenium.chrome.ChromeDriver
Command: [8b6ea4ac0ec337d33ee84f3b33ec4a74, clickElement {id=8e57bfa4-cb91-4134-81f1-a5615396cd4a}]
Capabilities {acceptInsecureCerts: false, browserName: chrome, browserVersion: 103.0.5060.66, chrome: {chromedriverVersion: 102.0.5005.61 (0e59bcc00cc4..., userDataDir: C:\Users\SHUBHA~1.NAT\AppDa...}, goog:chromeOptions: {debuggerAddress: localhost:63100}, javascriptEnabled: true, networkConnectionEnabled: false, pageLoadStrategy: normal, platform: WINDOWS, platformName: WINDOWS, proxy: Proxy(), se:cdp: ws://localhost:63100/devtoo..., se:cdpVersion: 103.0.5060.66, setWindowRect: true, strictFileInteractability: false, timeouts: {implicit: 0, pageLoad: 300000, script: 30000}, unhandledPromptBehavior: dismiss and notify, webauthn:extension:credBlob: true, webauthn:extension:largeBlob: true, webauthn:virtualAuthenticators: true}
Element: [[ChromeDriver: chrome on WINDOWS (8b6ea4ac0ec337d33ee84f3b33ec4a74)] -&gt; xpath: //a[@id=&#039;GvClientEnquiry_ctl02_lnkBook&#039;]]
Session ID: 8b6ea4ac0ec337d33ee84f3b33ec4a74" type="org.openqa.selenium.ElementClickInterceptedException">
      <![CDATA[org.openqa.selenium.ElementClickInterceptedException: element click intercepted: Element <a id="GvClientEnquiry_ctl02_lnk..." disabled="disabled" class="btn btn-success btn-sm btn_icon" href="/OnlineMetaBookSBT/Home/TripPlanner?EnquiryId=733024&amp;subagentID=186489&amp;SubAgentUserId=185006&amp;SubagentBranchId=52744&amp;BranchCode=966&amp;BRIGHTS=0&amp;LoginName=SHUBHAM1&amp;CorporateAgent=True&amp;CorporateUserType=0&amp;CompCode=AT&amp;LangCode=GB&amp;FOPCountOnPayment=3&amp;EnableBillToBranch=TRUE&amp;EnableManualCardEntry=TRUE&amp;IsStarCategory=TRUE&amp;IsDisplaySupplierLogo=TRUE&amp;IsDisplaySandForApproval=TRUE&amp;CanBookDaysBefore_TripStart=true&amp;uid=abf211a2-a845-4492-9a20-1fcb312ef700" style="width: auto;">Book</a> is not clickable at point (1125, 221). Other element would receive the click: <td class="FLabel2" align="left" style="width:130px;">...</td>
  (Session info: chrome=103.0.5060.66)
Build info: version: '4.1.4', revision: '535d840ee2'
System info: host: 'SHUBHAM', ip: '192.168.111.71', os.name: 'Windows 10', os.arch: 'amd64', os.version: '10.0', java.version: '17.0.1'
Driver info: org.openqa.selenium.chrome.ChromeDriver
Command: [8b6ea4ac0ec337d33ee84f3b33ec4a74, clickElement {id=8e57bfa4-cb91-4134-81f1-a5615396cd4a}]
Capabilities {acceptInsecureCerts: false, browserName: chrome, browserVersion: 103.0.5060.66, chrome: {chromedriverVersion: 102.0.5005.61 (0e59bcc00cc4..., userDataDir: C:\Users\SHUBHA~1.NAT\AppDa...}, goog:chromeOptions: {debuggerAddress: localhost:63100}, javascriptEnabled: true, networkConnectionEnabled: false, pageLoadStrategy: normal, platform: WINDOWS, platformName: WINDOWS, proxy: Proxy(), se:cdp: ws://localhost:63100/devtoo..., se:cdpVersion: 103.0.5060.66, setWindowRect: true, strictFileInteractability: false, timeouts: {implicit: 0, pageLoad: 300000, script: 30000}, unhandledPromptBehavior: dismiss and notify, webauthn:extension:credBlob: true, webauthn:extension:largeBlob: true, webauthn:virtualAuthenticators: true}
Element: [[ChromeDriver: chrome on WINDOWS (8b6ea4ac0ec337d33ee84f3b33ec4a74)] -> xpath: //a[@id='GvClientEnquiry_ctl02_lnkBook']]
Session ID: 8b6ea4ac0ec337d33ee84f3b33ec4a74
at java.base/jdk.internal.reflect.NativeConstructorAccessorImpl.newInstance0(Native Method)
at java.base/jdk.internal.reflect.NativeConstructorAccessorImpl.newInstance(NativeConstructorAccessorImpl.java:77)
at java.base/jdk.internal.reflect.DelegatingConstructorAccessorImpl.newInstance(DelegatingConstructorAccessorImpl.java:45)
at java.base/java.lang.reflect.Constructor.newInstanceWithCaller(Constructor.java:499)
at java.base/java.lang.reflect.Constructor.newInstance(Constructor.java:480)
at org.openqa.selenium.remote.codec.w3c.W3CHttpResponseCodec.createException(W3CHttpResponseCodec.java:200)
at org.openqa.selenium.remote.codec.w3c.W3CHttpResponseCodec.decode(W3CHttpResponseCodec.java:133)
at org.openqa.selenium.remote.codec.w3c.W3CHttpResponseCodec.decode(W3CHttpResponseCodec.java:53)
at org.openqa.selenium.remote.HttpCommandExecutor.execute(HttpCommandExecutor.java:184)
at org.openqa.selenium.remote.service.DriverCommandExecutor.invokeExecute(DriverCommandExecutor.java:167)
at org.openqa.selenium.remote.service.DriverCommandExecutor.execute(DriverCommandExecutor.java:142)
at org.openqa.selenium.remote.RemoteWebDriver.execute(RemoteWebDriver.java:567)
at org.openqa.selenium.remote.RemoteWebElement.execute(RemoteWebElement.java:251)
at org.openqa.selenium.remote.RemoteWebElement.click(RemoteWebElement.java:77)
at utilities.QaRobot.ClickOnElement(QaRobot.java:80)
at CarporateSBT.dependentBookForFamily.Profiling1(dependentBookForFamily.java:326)
at java.base/jdk.internal.reflect.NativeMethodAccessorImpl.invoke0(Native Method)
at java.base/jdk.internal.reflect.NativeMethodAccessorImpl.invoke(NativeMethodAccessorImpl.java:77)
at java.base/jdk.internal.reflect.DelegatingMethodAccessorImpl.invoke(DelegatingMethodAccessorImpl.java:43)
at java.base/java.lang.reflect.Method.invoke(Method.java:568)
at org.testng.internal.MethodInvocationHelper.invokeMethod(MethodInvocationHelper.java:133)
at org.testng.internal.TestInvoker.invokeMethod(TestInvoker.java:598)
at org.testng.internal.TestInvoker.invokeTestMethod(TestInvoker.java:173)
at org.testng.internal.MethodRunner.runInSequence(MethodRunner.java:46)
at org.testng.internal.TestInvoker$MethodInvocationAgent.invoke(TestInvoker.java:824)
at org.testng.internal.TestInvoker.invokeTestMethods(TestInvoker.java:146)
at org.testng.internal.TestMethodWorker.invokeTestMethods(TestMethodWorker.java:146)
at org.testng.internal.TestMethodWorker.run(TestMethodWorker.java:128)
at java.base/java.util.ArrayList.forEach(ArrayList.java:1511)
at org.testng.TestRunner.privateRun(TestRunner.java:794)
at org.testng.TestRunner.run(TestRunner.java:596)
at org.testng.SuiteRunner.runTest(SuiteRunner.java:377)
at org.testng.SuiteRunner.runSequentially(SuiteRunner.java:371)
at org.testng.SuiteRunner.privateRun(SuiteRunner.java:332)
at org.testng.SuiteRunner.run(SuiteRunner.java:276)
at org.testng.SuiteRunnerWorker.runSuite(SuiteRunnerWorker.java:53)
at org.testng.SuiteRunnerWorker.run(SuiteRunnerWorker.java:96)
at org.testng.TestNG.runSuitesSequentially(TestNG.java:1212)
at org.testng.TestNG.runSuitesLocally(TestNG.java:1134)
at org.testng.TestNG.runSuites(TestNG.java:1063)
at org.testng.TestNG.run(TestNG.java:1031)
at org.testng.remote.AbstractRemoteTestNG.run(AbstractRemoteTestNG.java:115)
at org.testng.remote.RemoteTestNG.initAndRun(RemoteTestNG.java:251)
at org.testng.remote.RemoteTestNG.main(RemoteTestNG.java:77)
]]>
    </error>
  </testcase> <!-- Profiling1 -->
  <system-out/>
  <testcase classname="CarporateSBT.dependentBookForFamily" name="Profiling1" time="39.658">
    <error message="element click intercepted: Element &lt;a id=&quot;GvClientEnquiry_ctl02_lnk...&quot; disabled=&quot;disabled&quot; class=&quot;btn btn-success btn-sm btn_icon&quot; href=&quot;/OnlineMetaBookSBT/Home/TripPlanner?EnquiryId=733028&amp;amp;subagentID=186489&amp;amp;SubAgentUserId=185006&amp;amp;SubagentBranchId=52744&amp;amp;BranchCode=966&amp;amp;BRIGHTS=0&amp;amp;LoginName=SHUBHAM1&amp;amp;CorporateAgent=True&amp;amp;CorporateUserType=0&amp;amp;CompCode=AT&amp;amp;LangCode=GB&amp;amp;FOPCountOnPayment=3&amp;amp;EnableBillToBranch=TRUE&amp;amp;EnableManualCardEntry=TRUE&amp;amp;IsStarCategory=TRUE&amp;amp;IsDisplaySupplierLogo=TRUE&amp;amp;IsDisplaySandForApproval=TRUE&amp;amp;CanBookDaysBefore_TripStart=true&amp;amp;uid=7888b405-9e29-4410-a9c6-1ba1026a8e29&quot; style=&quot;width: auto;&quot;&gt;Book&lt;/a&gt; is not clickable at point (1125, 221). Other element would receive the click: &lt;td class=&quot;FLabel2&quot; align=&quot;left&quot; style=&quot;width:130px;&quot;&gt;...&lt;/td&gt;
  (Session info: chrome=103.0.5060.66)
Build info: version: &#039;4.1.4&#039;, revision: &#039;535d840ee2&#039;
System info: host: &#039;SHUBHAM&#039;, ip: &#039;192.168.111.71&#039;, os.name: &#039;Windows 10&#039;, os.arch: &#039;amd64&#039;, os.version: &#039;10.0&#039;, java.version: &#039;17.0.1&#039;
Driver info: org.openqa.selenium.chrome.ChromeDriver
Command: [5fd785e8eac3c995a84beb06c27bf07d, clickElement {id=4bf4987a-42f5-4dc0-95f1-1cf009965976}]
Capabilities {acceptInsecureCerts: false, browserName: chrome, browserVersion: 103.0.5060.66, chrome: {chromedriverVersion: 102.0.5005.61 (0e59bcc00cc4..., userDataDir: C:\Users\SHUBHA~1.NAT\AppDa...}, goog:chromeOptions: {debuggerAddress: localhost:63058}, javascriptEnabled: true, networkConnectionEnabled: false, pageLoadStrategy: normal, platform: WINDOWS, platformName: WINDOWS, proxy: Proxy(), se:cdp: ws://localhost:63058/devtoo..., se:cdpVersion: 103.0.5060.66, setWindowRect: true, strictFileInteractability: false, timeouts: {implicit: 0, pageLoad: 300000, script: 30000}, unhandledPromptBehavior: dismiss and notify, webauthn:extension:credBlob: true, webauthn:extension:largeBlob: true, webauthn:virtualAuthenticators: true}
Element: [[ChromeDriver: chrome on WINDOWS (5fd785e8eac3c995a84beb06c27bf07d)] -&gt; xpath: //a[@id=&#039;GvClientEnquiry_ctl02_lnkBook&#039;]]
Session ID: 5fd785e8eac3c995a84beb06c27bf07d" type="org.openqa.selenium.ElementClickInterceptedException">
      <![CDATA[org.openqa.selenium.ElementClickInterceptedException: element click intercepted: Element <a id="GvClientEnquiry_ctl02_lnk..." disabled="disabled" class="btn btn-success btn-sm btn_icon" href="/OnlineMetaBookSBT/Home/TripPlanner?EnquiryId=733028&amp;subagentID=186489&amp;SubAgentUserId=185006&amp;SubagentBranchId=52744&amp;BranchCode=966&amp;BRIGHTS=0&amp;LoginName=SHUBHAM1&amp;CorporateAgent=True&amp;CorporateUserType=0&amp;CompCode=AT&amp;LangCode=GB&amp;FOPCountOnPayment=3&amp;EnableBillToBranch=TRUE&amp;EnableManualCardEntry=TRUE&amp;IsStarCategory=TRUE&amp;IsDisplaySupplierLogo=TRUE&amp;IsDisplaySandForApproval=TRUE&amp;CanBookDaysBefore_TripStart=true&amp;uid=7888b405-9e29-4410-a9c6-1ba1026a8e29" style="width: auto;">Book</a> is not clickable at point (1125, 221). Other element would receive the click: <td class="FLabel2" align="left" style="width:130px;">...</td>
  (Session info: chrome=103.0.5060.66)
Build info: version: '4.1.4', revision: '535d840ee2'
System info: host: 'SHUBHAM', ip: '192.168.111.71', os.name: 'Windows 10', os.arch: 'amd64', os.version: '10.0', java.version: '17.0.1'
Driver info: org.openqa.selenium.chrome.ChromeDriver
Command: [5fd785e8eac3c995a84beb06c27bf07d, clickElement {id=4bf4987a-42f5-4dc0-95f1-1cf009965976}]
Capabilities {acceptInsecureCerts: false, browserName: chrome, browserVersion: 103.0.5060.66, chrome: {chromedriverVersion: 102.0.5005.61 (0e59bcc00cc4..., userDataDir: C:\Users\SHUBHA~1.NAT\AppDa...}, goog:chromeOptions: {debuggerAddress: localhost:63058}, javascriptEnabled: true, networkConnectionEnabled: false, pageLoadStrategy: normal, platform: WINDOWS, platformName: WINDOWS, proxy: Proxy(), se:cdp: ws://localhost:63058/devtoo..., se:cdpVersion: 103.0.5060.66, setWindowRect: true, strictFileInteractability: false, timeouts: {implicit: 0, pageLoad: 300000, script: 30000}, unhandledPromptBehavior: dismiss and notify, webauthn:extension:credBlob: true, webauthn:extension:largeBlob: true, webauthn:virtualAuthenticators: true}
Element: [[ChromeDriver: chrome on WINDOWS (5fd785e8eac3c995a84beb06c27bf07d)] -> xpath: //a[@id='GvClientEnquiry_ctl02_lnkBook']]
Session ID: 5fd785e8eac3c995a84beb06c27bf07d
at java.base/jdk.internal.reflect.NativeConstructorAccessorImpl.newInstance0(Native Method)
at java.base/jdk.internal.reflect.NativeConstructorAccessorImpl.newInstance(NativeConstructorAccessorImpl.java:77)
at java.base/jdk.internal.reflect.DelegatingConstructorAccessorImpl.newInstance(DelegatingConstructorAccessorImpl.java:45)
at java.base/java.lang.reflect.Constructor.newInstanceWithCaller(Constructor.java:499)
at java.base/java.lang.reflect.Constructor.newInstance(Constructor.java:480)
at org.openqa.selenium.remote.codec.w3c.W3CHttpResponseCodec.createException(W3CHttpResponseCodec.java:200)
at org.openqa.selenium.remote.codec.w3c.W3CHttpResponseCodec.decode(W3CHttpResponseCodec.java:133)
at org.openqa.selenium.remote.codec.w3c.W3CHttpResponseCodec.decode(W3CHttpResponseCodec.java:53)
at org.openqa.selenium.remote.HttpCommandExecutor.execute(HttpCommandExecutor.java:184)
at org.openqa.selenium.remote.service.DriverCommandExecutor.invokeExecute(DriverCommandExecutor.java:167)
at org.openqa.selenium.remote.service.DriverCommandExecutor.execute(DriverCommandExecutor.java:142)
at org.openqa.selenium.remote.RemoteWebDriver.execute(RemoteWebDriver.java:567)
at org.openqa.selenium.remote.RemoteWebElement.execute(RemoteWebElement.java:251)
at org.openqa.selenium.remote.RemoteWebElement.click(RemoteWebElement.java:77)
at utilities.QaRobot.ClickOnElement(QaRobot.java:80)
at CarporateSBT.dependentBookForFamily.Profiling1(dependentBookForFamily.java:326)
at java.base/jdk.internal.reflect.NativeMethodAccessorImpl.invoke0(Native Method)
at java.base/jdk.internal.reflect.NativeMethodAccessorImpl.invoke(NativeMethodAccessorImpl.java:77)
at java.base/jdk.internal.reflect.DelegatingMethodAccessorImpl.invoke(DelegatingMethodAccessorImpl.java:43)
at java.base/java.lang.reflect.Method.invoke(Method.java:568)
at org.testng.internal.MethodInvocationHelper.invokeMethod(MethodInvocationHelper.java:133)
at org.testng.internal.TestInvoker.invokeMethod(TestInvoker.java:598)
at org.testng.internal.TestInvoker.invokeTestMethod(TestInvoker.java:173)
at org.testng.internal.MethodRunner.runInSequence(MethodRunner.java:46)
at org.testng.internal.TestInvoker$MethodInvocationAgent.invoke(TestInvoker.java:824)
at org.testng.internal.TestInvoker.invokeTestMethods(TestInvoker.java:146)
at org.testng.internal.TestMethodWorker.invokeTestMethods(TestMethodWorker.java:146)
at org.testng.internal.TestMethodWorker.run(TestMethodWorker.java:128)
at java.base/java.util.ArrayList.forEach(ArrayList.java:1511)
at org.testng.TestRunner.privateRun(TestRunner.java:794)
at org.testng.TestRunner.run(TestRunner.java:596)
at org.testng.SuiteRunner.runTest(SuiteRunner.java:377)
at org.testng.SuiteRunner.runSequentially(SuiteRunner.java:371)
at org.testng.SuiteRunner.privateRun(SuiteRunner.java:332)
at org.testng.SuiteRunner.run(SuiteRunner.java:276)
at org.testng.SuiteRunnerWorker.runSuite(SuiteRunnerWorker.java:53)
at org.testng.SuiteRunnerWorker.run(SuiteRunnerWorker.java:96)
at org.testng.TestNG.runSuitesSequentially(TestNG.java:1212)
at org.testng.TestNG.runSuitesLocally(TestNG.java:1134)
at org.testng.TestNG.runSuites(TestNG.java:1063)
at org.testng.TestNG.run(TestNG.java:1031)
at org.testng.remote.AbstractRemoteTestNG.run(AbstractRemoteTestNG.java:115)
at org.testng.remote.RemoteTestNG.initAndRun(RemoteTestNG.java:251)
at org.testng.remote.RemoteTestNG.main(RemoteTestNG.java:77)
]]>
    </error>
  </testcase> <!-- Profiling1 -->
  <system-out/>
  <testcase classname="CarporateSBT.dependentBookForFamily" name="Profiling1" time="32.988">
    <error message="element click intercepted: Element &lt;a id=&quot;GvClientEnquiry_ctl02_lnk...&quot; disabled=&quot;disabled&quot; class=&quot;btn btn-success btn-sm btn_icon&quot; href=&quot;/OnlineMetaBookSBT/Home/TripPlanner?EnquiryId=733025&amp;amp;subagentID=186489&amp;amp;SubAgentUserId=185006&amp;amp;SubagentBranchId=52744&amp;amp;BranchCode=966&amp;amp;BRIGHTS=0&amp;amp;LoginName=SHUBHAM1&amp;amp;CorporateAgent=True&amp;amp;CorporateUserType=0&amp;amp;CompCode=AT&amp;amp;LangCode=GB&amp;amp;FOPCountOnPayment=3&amp;amp;EnableBillToBranch=TRUE&amp;amp;EnableManualCardEntry=TRUE&amp;amp;IsStarCategory=TRUE&amp;amp;IsDisplaySupplierLogo=TRUE&amp;amp;IsDisplaySandForApproval=TRUE&amp;amp;CanBookDaysBefore_TripStart=true&amp;amp;uid=d7b749ed-d662-480f-9776-4616ba669257&quot; style=&quot;width: auto;&quot;&gt;Book&lt;/a&gt; is not clickable at point (1125, 221). Other element would receive the click: &lt;td class=&quot;FLabel2&quot; align=&quot;left&quot; style=&quot;width:130px;&quot;&gt;...&lt;/td&gt;
  (Session info: chrome=103.0.5060.66)
Build info: version: &#039;4.1.4&#039;, revision: &#039;535d840ee2&#039;
System info: host: &#039;SHUBHAM&#039;, ip: &#039;192.168.111.71&#039;, os.name: &#039;Windows 10&#039;, os.arch: &#039;amd64&#039;, os.version: &#039;10.0&#039;, java.version: &#039;17.0.1&#039;
Driver info: org.openqa.selenium.chrome.ChromeDriver
Command: [7d41232eea2fe2065035ebef38f2b75a, clickElement {id=fcd63471-7f6b-4ea0-84ec-94959dd3423f}]
Capabilities {acceptInsecureCerts: false, browserName: chrome, browserVersion: 103.0.5060.66, chrome: {chromedriverVersion: 102.0.5005.61 (0e59bcc00cc4..., userDataDir: C:\Users\SHUBHA~1.NAT\AppDa...}, goog:chromeOptions: {debuggerAddress: localhost:63140}, javascriptEnabled: true, networkConnectionEnabled: false, pageLoadStrategy: normal, platform: WINDOWS, platformName: WINDOWS, proxy: Proxy(), se:cdp: ws://localhost:63140/devtoo..., se:cdpVersion: 103.0.5060.66, setWindowRect: true, strictFileInteractability: false, timeouts: {implicit: 0, pageLoad: 300000, script: 30000}, unhandledPromptBehavior: dismiss and notify, webauthn:extension:credBlob: true, webauthn:extension:largeBlob: true, webauthn:virtualAuthenticators: true}
Element: [[ChromeDriver: chrome on WINDOWS (7d41232eea2fe2065035ebef38f2b75a)] -&gt; xpath: //a[@id=&#039;GvClientEnquiry_ctl02_lnkBook&#039;]]
Session ID: 7d41232eea2fe2065035ebef38f2b75a" type="org.openqa.selenium.ElementClickInterceptedException">
      <![CDATA[org.openqa.selenium.ElementClickInterceptedException: element click intercepted: Element <a id="GvClientEnquiry_ctl02_lnk..." disabled="disabled" class="btn btn-success btn-sm btn_icon" href="/OnlineMetaBookSBT/Home/TripPlanner?EnquiryId=733025&amp;subagentID=186489&amp;SubAgentUserId=185006&amp;SubagentBranchId=52744&amp;BranchCode=966&amp;BRIGHTS=0&amp;LoginName=SHUBHAM1&amp;CorporateAgent=True&amp;CorporateUserType=0&amp;CompCode=AT&amp;LangCode=GB&amp;FOPCountOnPayment=3&amp;EnableBillToBranch=TRUE&amp;EnableManualCardEntry=TRUE&amp;IsStarCategory=TRUE&amp;IsDisplaySupplierLogo=TRUE&amp;IsDisplaySandForApproval=TRUE&amp;CanBookDaysBefore_TripStart=true&amp;uid=d7b749ed-d662-480f-9776-4616ba669257" style="width: auto;">Book</a> is not clickable at point (1125, 221). Other element would receive the click: <td class="FLabel2" align="left" style="width:130px;">...</td>
  (Session info: chrome=103.0.5060.66)
Build info: version: '4.1.4', revision: '535d840ee2'
System info: host: 'SHUBHAM', ip: '192.168.111.71', os.name: 'Windows 10', os.arch: 'amd64', os.version: '10.0', java.version: '17.0.1'
Driver info: org.openqa.selenium.chrome.ChromeDriver
Command: [7d41232eea2fe2065035ebef38f2b75a, clickElement {id=fcd63471-7f6b-4ea0-84ec-94959dd3423f}]
Capabilities {acceptInsecureCerts: false, browserName: chrome, browserVersion: 103.0.5060.66, chrome: {chromedriverVersion: 102.0.5005.61 (0e59bcc00cc4..., userDataDir: C:\Users\SHUBHA~1.NAT\AppDa...}, goog:chromeOptions: {debuggerAddress: localhost:63140}, javascriptEnabled: true, networkConnectionEnabled: false, pageLoadStrategy: normal, platform: WINDOWS, platformName: WINDOWS, proxy: Proxy(), se:cdp: ws://localhost:63140/devtoo..., se:cdpVersion: 103.0.5060.66, setWindowRect: true, strictFileInteractability: false, timeouts: {implicit: 0, pageLoad: 300000, script: 30000}, unhandledPromptBehavior: dismiss and notify, webauthn:extension:credBlob: true, webauthn:extension:largeBlob: true, webauthn:virtualAuthenticators: true}
Element: [[ChromeDriver: chrome on WINDOWS (7d41232eea2fe2065035ebef38f2b75a)] -> xpath: //a[@id='GvClientEnquiry_ctl02_lnkBook']]
Session ID: 7d41232eea2fe2065035ebef38f2b75a
at java.base/jdk.internal.reflect.NativeConstructorAccessorImpl.newInstance0(Native Method)
at java.base/jdk.internal.reflect.NativeConstructorAccessorImpl.newInstance(NativeConstructorAccessorImpl.java:77)
at java.base/jdk.internal.reflect.DelegatingConstructorAccessorImpl.newInstance(DelegatingConstructorAccessorImpl.java:45)
at java.base/java.lang.reflect.Constructor.newInstanceWithCaller(Constructor.java:499)
at java.base/java.lang.reflect.Constructor.newInstance(Constructor.java:480)
at org.openqa.selenium.remote.codec.w3c.W3CHttpResponseCodec.createException(W3CHttpResponseCodec.java:200)
at org.openqa.selenium.remote.codec.w3c.W3CHttpResponseCodec.decode(W3CHttpResponseCodec.java:133)
at org.openqa.selenium.remote.codec.w3c.W3CHttpResponseCodec.decode(W3CHttpResponseCodec.java:53)
at org.openqa.selenium.remote.HttpCommandExecutor.execute(HttpCommandExecutor.java:184)
at org.openqa.selenium.remote.service.DriverCommandExecutor.invokeExecute(DriverCommandExecutor.java:167)
at org.openqa.selenium.remote.service.DriverCommandExecutor.execute(DriverCommandExecutor.java:142)
at org.openqa.selenium.remote.RemoteWebDriver.execute(RemoteWebDriver.java:567)
at org.openqa.selenium.remote.RemoteWebElement.execute(RemoteWebElement.java:251)
at org.openqa.selenium.remote.RemoteWebElement.click(RemoteWebElement.java:77)
at utilities.QaRobot.ClickOnElement(QaRobot.java:80)
at CarporateSBT.dependentBookForFamily.Profiling1(dependentBookForFamily.java:326)
at java.base/jdk.internal.reflect.NativeMethodAccessorImpl.invoke0(Native Method)
at java.base/jdk.internal.reflect.NativeMethodAccessorImpl.invoke(NativeMethodAccessorImpl.java:77)
at java.base/jdk.internal.reflect.DelegatingMethodAccessorImpl.invoke(DelegatingMethodAccessorImpl.java:43)
at java.base/java.lang.reflect.Method.invoke(Method.java:568)
at org.testng.internal.MethodInvocationHelper.invokeMethod(MethodInvocationHelper.java:133)
at org.testng.internal.TestInvoker.invokeMethod(TestInvoker.java:598)
at org.testng.internal.TestInvoker.invokeTestMethod(TestInvoker.java:173)
at org.testng.internal.MethodRunner.runInSequence(MethodRunner.java:46)
at org.testng.internal.TestInvoker$MethodInvocationAgent.invoke(TestInvoker.java:824)
at org.testng.internal.TestInvoker.invokeTestMethods(TestInvoker.java:146)
at org.testng.internal.TestMethodWorker.invokeTestMethods(TestMethodWorker.java:146)
at org.testng.internal.TestMethodWorker.run(TestMethodWorker.java:128)
at java.base/java.util.ArrayList.forEach(ArrayList.java:1511)
at org.testng.TestRunner.privateRun(TestRunner.java:794)
at org.testng.TestRunner.run(TestRunner.java:596)
at org.testng.SuiteRunner.runTest(SuiteRunner.java:377)
at org.testng.SuiteRunner.runSequentially(SuiteRunner.java:371)
at org.testng.SuiteRunner.privateRun(SuiteRunner.java:332)
at org.testng.SuiteRunner.run(SuiteRunner.java:276)
at org.testng.SuiteRunnerWorker.runSuite(SuiteRunnerWorker.java:53)
at org.testng.SuiteRunnerWorker.run(SuiteRunnerWorker.java:96)
at org.testng.TestNG.runSuitesSequentially(TestNG.java:1212)
at org.testng.TestNG.runSuitesLocally(TestNG.java:1134)
at org.testng.TestNG.runSuites(TestNG.java:1063)
at org.testng.TestNG.run(TestNG.java:1031)
at org.testng.remote.AbstractRemoteTestNG.run(AbstractRemoteTestNG.java:115)
at org.testng.remote.RemoteTestNG.initAndRun(RemoteTestNG.java:251)
at org.testng.remote.RemoteTestNG.main(RemoteTestNG.java:77)
]]>
    </error>
  </testcase> <!-- Profiling1 -->
  <system-out/>
</testsuite> <!-- CarporateSBT.dependentBookForFamily -->
