<?xml version="1.0" encoding="UTF-8"?>
<!-- Generated by org.testng.reporters.JUnitReportReporter -->
<testsuite name="entities.Algosaibi_multicity" tests="2" time="0.383" ignored="0" failures="0" timestamp="07 Jun 2020 08:06:59 GMT" skipped="0" hostname="Anjali" errors="2">
  <testcase name="afterMetod" time="0.000" classname="entities.Algosaibi_multicity">
    <error type="java.lang.NullPointerException">
      <![CDATA[java.lang.NullPointerException
	at TestScript.Algosaibi.AlgosaibiMulticity.afterMetod(AlgosaibiMulticity.java:114)
	at sun.reflect.NativeMethodAccessorImpl.invoke0(Native Method)
	at sun.reflect.NativeMethodAccessorImpl.invoke(Unknown Source)
	at sun.reflect.DelegatingMethodAccessorImpl.invoke(Unknown Source)
	at java.lang.reflect.Method.invoke(Unknown Source)
	at org.testng.internal.MethodInvocationHelper.invokeMethod(MethodInvocationHelper.java:104)
	at org.testng.internal.Invoker.invokeConfigurationMethod(Invoker.java:515)
	at org.testng.internal.Invoker.invokeConfigurations(Invoker.java:217)
	at org.testng.internal.Invoker.invokeMethod(Invoker.java:712)
	at org.testng.internal.Invoker.invokeTestMethod(Invoker.java:851)
	at org.testng.internal.Invoker.invokeTestMethods(Invoker.java:1177)
	at org.testng.internal.TestMethodWorker.invokeTestMethods(TestMethodWorker.java:129)
	at org.testng.internal.TestMethodWorker.run(TestMethodWorker.java:112)
	at org.testng.TestRunner.privateRun(TestRunner.java:756)
	at org.testng.TestRunner.run(TestRunner.java:610)
	at org.testng.SuiteRunner.runTest(SuiteRunner.java:387)
	at org.testng.SuiteRunner.runSequentially(SuiteRunner.java:382)
	at org.testng.SuiteRunner.privateRun(SuiteRunner.java:340)
	at org.testng.SuiteRunner.run(SuiteRunner.java:289)
	at org.testng.SuiteRunnerWorker.runSuite(SuiteRunnerWorker.java:52)
	at org.testng.SuiteRunnerWorker.run(SuiteRunnerWorker.java:86)
	at org.testng.TestNG.runSuitesSequentially(TestNG.java:1293)
	at org.testng.TestNG.runSuitesLocally(TestNG.java:1218)
	at org.testng.TestNG.runSuites(TestNG.java:1133)
	at org.testng.TestNG.run(TestNG.java:1104)
	at org.testng.remote.AbstractRemoteTestNG.run(AbstractRemoteTestNG.java:115)
	at org.testng.remote.RemoteTestNG.initAndRun(RemoteTestNG.java:251)
	at org.testng.remote.RemoteTestNG.main(RemoteTestNG.java:77)
]]>
    </error>
  </testcase> <!-- afterMetod -->
  <testcase name="flightMultiCitytest" time="0.383" classname="entities.Algosaibi_multicity">
    <error type="org.openqa.selenium.WebDriverException" message="Returned value cannot be converted to WebElement: {stacktrace=Backtrace:
	Ordinal0 [0x002E9F93+1548179]
	Ordinal0 [0x0026DC51+1039441]
	Ordinal0 [0x001EE33E+516926]
	Ordinal0 [0x00181179+70009]
	Ordinal0 [0x001996F7+169719]
	Ordinal0 [0x001980D0+164048]
	Ordinal0 [0x00197CAA+162986]
	Ordinal0 [0x0017221E+8734]
	Ordinal0 [0x00172606+9734]
	Ordinal0 [0x00172C80+11392]
	Ordinal0 [0x00287047+1142855]
	GetHandleVerifier [0x00382996+507766]
	GetHandleVerifier [0x003826B4+507028]
	GetHandleVerifier [0x00389D97+537463]
	GetHandleVerifier [0x00383252+510002]
	Ordinal0 [0x0027F12C+1110316]
	Ordinal0 [0x0017204E+8270]
	Ordinal0 [0x00171D99+7577]
	GetHandleVerifier [0x0061D8FC+3239644]
	BaseThreadInitThunk [0x74818744+36]
	RtlGetAppContainerNamedObjectPath [0x77B558ED+253]
	RtlGetAppContainerNamedObjectPath [0x77B558BD+205]
, error=invalid session id, message=invalid session id}
Build info: version: &#039;3.0.1&#039;, revision: &#039;1969d75&#039;, time: &#039;2016-10-18 09:49:13 -0700&#039;
System info: host: &#039;Anjali&#039;, ip: &#039;192.168.42.77&#039;, os.name: &#039;Windows 10&#039;, os.arch: &#039;amd64&#039;, os.version: &#039;10.0&#039;, java.version: &#039;1.8.0_121&#039;
Driver info: driver.version: RemoteWebDriver">
      <![CDATA[org.openqa.selenium.WebDriverException: Returned value cannot be converted to WebElement: {stacktrace=Backtrace:
	Ordinal0 [0x002E9F93+1548179]
	Ordinal0 [0x0026DC51+1039441]
	Ordinal0 [0x001EE33E+516926]
	Ordinal0 [0x00181179+70009]
	Ordinal0 [0x001996F7+169719]
	Ordinal0 [0x001980D0+164048]
	Ordinal0 [0x00197CAA+162986]
	Ordinal0 [0x0017221E+8734]
	Ordinal0 [0x00172606+9734]
	Ordinal0 [0x00172C80+11392]
	Ordinal0 [0x00287047+1142855]
	GetHandleVerifier [0x00382996+507766]
	GetHandleVerifier [0x003826B4+507028]
	GetHandleVerifier [0x00389D97+537463]
	GetHandleVerifier [0x00383252+510002]
	Ordinal0 [0x0027F12C+1110316]
	Ordinal0 [0x0017204E+8270]
	Ordinal0 [0x00171D99+7577]
	GetHandleVerifier [0x0061D8FC+3239644]
	BaseThreadInitThunk [0x74818744+36]
	RtlGetAppContainerNamedObjectPath [0x77B558ED+253]
	RtlGetAppContainerNamedObjectPath [0x77B558BD+205]
, error=invalid session id, message=invalid session id}
Build info: version: '3.0.1', revision: '1969d75', time: '2016-10-18 09:49:13 -0700'
System info: host: 'Anjali', ip: '192.168.42.77', os.name: 'Windows 10', os.arch: 'amd64', os.version: '10.0', java.version: '1.8.0_121'
Driver info: driver.version: RemoteWebDriver
	at org.openqa.selenium.remote.RemoteWebDriver.findElement(RemoteWebDriver.java:375)
	at org.openqa.selenium.remote.RemoteWebDriver.findElementByXPath(RemoteWebDriver.java:473)
	at org.openqa.selenium.By$ByXPath.findElement(By.java:361)
	at org.openqa.selenium.remote.RemoteWebDriver.findElement(RemoteWebDriver.java:360)
	at TestScript.Algosaibi.AlgosaibiMulticity.flightMultiCitytest(AlgosaibiMulticity.java:53)
	at sun.reflect.NativeMethodAccessorImpl.invoke0(Native Method)
	at sun.reflect.NativeMethodAccessorImpl.invoke(Unknown Source)
	at sun.reflect.DelegatingMethodAccessorImpl.invoke(Unknown Source)
	at java.lang.reflect.Method.invoke(Unknown Source)
	at org.testng.internal.MethodInvocationHelper.invokeMethod(MethodInvocationHelper.java:104)
	at org.testng.internal.Invoker.invokeMethod(Invoker.java:645)
	at org.testng.internal.Invoker.invokeTestMethod(Invoker.java:851)
	at org.testng.internal.Invoker.invokeTestMethods(Invoker.java:1177)
	at org.testng.internal.TestMethodWorker.invokeTestMethods(TestMethodWorker.java:129)
	at org.testng.internal.TestMethodWorker.run(TestMethodWorker.java:112)
	at org.testng.TestRunner.privateRun(TestRunner.java:756)
	at org.testng.TestRunner.run(TestRunner.java:610)
	at org.testng.SuiteRunner.runTest(SuiteRunner.java:387)
	at org.testng.SuiteRunner.runSequentially(SuiteRunner.java:382)
	at org.testng.SuiteRunner.privateRun(SuiteRunner.java:340)
	at org.testng.SuiteRunner.run(SuiteRunner.java:289)
	at org.testng.SuiteRunnerWorker.runSuite(SuiteRunnerWorker.java:52)
	at org.testng.SuiteRunnerWorker.run(SuiteRunnerWorker.java:86)
	at org.testng.TestNG.runSuitesSequentially(TestNG.java:1293)
	at org.testng.TestNG.runSuitesLocally(TestNG.java:1218)
	at org.testng.TestNG.runSuites(TestNG.java:1133)
	at org.testng.TestNG.run(TestNG.java:1104)
	at org.testng.remote.AbstractRemoteTestNG.run(AbstractRemoteTestNG.java:115)
	at org.testng.remote.RemoteTestNG.initAndRun(RemoteTestNG.java:251)
	at org.testng.remote.RemoteTestNG.main(RemoteTestNG.java:77)
Caused by: java.lang.ClassCastException: com.google.common.collect.Maps$TransformedEntriesMap cannot be cast to org.openqa.selenium.WebElement
	at org.openqa.selenium.remote.RemoteWebDriver.findElement(RemoteWebDriver.java:373)
	... 29 more
]]>
    </error>
  </testcase> <!-- flightMultiCitytest -->
</testsuite> <!-- entities.Algosaibi_multicity -->
