<html>
<head>
<title>TestNG:  Nopackage</title>
<link href="../testng.css" rel="stylesheet" type="text/css" />
<link href="../my-testng.css" rel="stylesheet" type="text/css" />

<style type="text/css">
.log { display: none;} 
.stack-trace { display: none;} 
</style>
<script type="text/javascript">
<!--
function flip(e) {
  current = e.style.display;
  if (current == 'block') {
    e.style.display = 'none';
    return 0;
  }
  else {
    e.style.display = 'block';
    return 1;
  }
}

function toggleBox(szDivId, elem, msg1, msg2)
{
  var res = -1;  if (document.getElementById) {
    res = flip(document.getElementById(szDivId));
  }
  else if (document.all) {
    // this is the way old msie versions work
    res = flip(document.all[szDivId]);
  }
  if(elem) {
    if(res == 0) elem.innerHTML = msg1; else elem.innerHTML = msg2;
  }

}

function toggleAllBoxes() {
  if (document.getElementsByTagName) {
    d = document.getElementsByTagName('div');
    for (i = 0; i < d.length; i++) {
      if (d[i].className == 'log') {
        flip(d[i]);
      }
    }
  }
}

// -->
</script>

</head>
<body>
<h2 align='center'>Nopackage</h2><table border='1' align="center">
<tr>
<td>Tests passed/Failed/Skipped:</td><td>0/2/0</td>
</tr><tr>
<td>Started on:</td><td>Fri Jun 28 17:44:54 IST 2019</td>
</tr>
<tr><td>Total time:</td><td>56 seconds (56817 ms)</td>
</tr><tr>
<td>Included groups:</td><td></td>
</tr><tr>
<td>Excluded groups:</td><td></td>
</tr>
</table><p/>
<small><i>(Hover the method name to see the test class name)</i></small><p/>
<table width='100%' border='1' class='invocation-failed'>
<tr><td colspan='4' align='center'><b>FAILED TESTS</b></td></tr>
<tr><td><b>Test method</b></td>
<td width="30%"><b>Exception</b></td>
<td width="10%"><b>Time (seconds)</b></td>
<td><b>Instance</b></td>
</tr>
<tr>
<td title='TestScript.Package.Package.PackageTrip()'><b>PackageTrip</b><br>Test class: TestScript.Package.Package<br>Parameters: ql, dxb, Dubai, United Arab Emirates, 1, Anjali, Jain, 9867856787, anjali.jain@quadlabs.com, 5, 22, Double, 4, 4, Child without bed,Child with bed,Infant (0-2 years),Infant (0-2 years), 0, Twin, 4, 4, Child with bed,Child without bed,Infant (0-2 years),Infant (0-2 years), 0, Triple, 3, 1, Child without bed, Single, 4, 4, Child without bed,Child without bed,Infant (0-2 years),Infant (0-2 years), Quad, 4, 1, Child without bed, Mrs.,Mrs.,Mr.,Ms., Anjali,Swati,Priya,Anshu, Jain,jha,jha,jha, 987678765, anjali.jain@quadlabs.com, Mstr.,Miss., Dev,Saanvi, Jain,Gupta, 10/10/2013,23/09/2016, Mr., Aseem, Jain, Miss.,Mstr., Pari,Babu, Gupta,Garg, 10/10/2017,22/11/2017, 2, Mrs.,Mrs.,Mr.,Ms., Anjali,Swati,Priya,Anshu, Jain,jha,jha,jha, Mstr.,Miss., Dev,Saanvi, Jain,Gupta, 10/10/2013,13/09/2009, Mr., Aseem, Jain, Miss.,Miss., Pari,Ladoo, Gupta,jain, 10/10/2018,25/04/2018, 2, Mrs.,Mrs.,Mr., Anjali,Swati,Priya, Jain,jha,jha, Mstr., Dev, Jain, 16/04/2014, Miss., Pari, Gupta, 12/01/2019,25/05/2013, 0, Mrs.,Mrs.,Mr.,Ms., Anjali,Swati,Priya,Anshu, Jain,jha,jha,jha, Mstr.,Miss.,Mstr., Dev,Saanvi,Babu, Jain,Gupta,garg, 16/12/2014,23/09/2011, Miss., Pari, Gupta, 18/12/2017,22/11/2017, 2, Mrs.,Mrs.,Mr.,Ms., Anjali,Swati,Priya,Anshu, Jain,jha,jha,jha, Mstr., Dev, Jain, 26/02/2014, Miss., Pari, Gupta, 17/10/2018,22/06/2018, 0, Credit Card, Master Card, 4811111111111114, test test, 11, 2020, 123, Nirman nagar, Jai, Jaipur, Haryana, India, dbl, FullPayment</td>
<td><div><pre>java.lang.NullPointerException
	at org.openqa.selenium.support.ui.ExpectedConditions$20.apply(ExpectedConditions.java:582)
	at org.openqa.selenium.support.ui.ExpectedConditions$20.apply(ExpectedConditions.java:578)
	at org.openqa.selenium.support.ui.FluentWait.until(FluentWait.java:238)
	at Base.TestBase.explicitwaitinvisible(TestBase.java:287)
	at entities.Package_Search.pack_search(Package_Search.java:59)
	at TestScript.Package.Package.PackageTrip(Package.java:67)
... Removed 25 stack frames</pre></div><a href='#' onClick='toggleBox("stack-trace1516417700", this, "Click to show all stack frames", "Click to hide stack frames")'>Click to show all stack frames</a>
<div class='stack-trace' id='stack-trace1516417700'><pre>java.lang.NullPointerException
	at org.openqa.selenium.support.ui.ExpectedConditions$20.apply(ExpectedConditions.java:582)
	at org.openqa.selenium.support.ui.ExpectedConditions$20.apply(ExpectedConditions.java:578)
	at org.openqa.selenium.support.ui.FluentWait.until(FluentWait.java:238)
	at Base.TestBase.explicitwaitinvisible(TestBase.java:287)
	at entities.Package_Search.pack_search(Package_Search.java:59)
	at TestScript.Package.Package.PackageTrip(Package.java:67)
	at sun.reflect.NativeMethodAccessorImpl.invoke0(Native Method)
	at sun.reflect.NativeMethodAccessorImpl.invoke(Unknown Source)
	at sun.reflect.DelegatingMethodAccessorImpl.invoke(Unknown Source)
	at java.lang.reflect.Method.invoke(Unknown Source)
	at org.testng.internal.MethodInvocationHelper.invokeMethod(MethodInvocationHelper.java:104)
	at org.testng.internal.Invoker.invokeMethod(Invoker.java:645)
	at org.testng.internal.Invoker.invokeTestMethod(Invoker.java:851)
	at org.testng.internal.Invoker.invokeTestMethods(Invoker.java:1177)
	at org.testng.internal.TestMethodWorker.invokeTestMethods(TestMethodWorker.java:129)
	at org.testng.internal.TestMethodWorker.run(TestMethodWorker.java:112)
	at org.testng.TestRunner.privateRun(TestRunner.java:756)
	at org.testng.TestRunner.run(TestRunner.java:610)
	at org.testng.SuiteRunner.runTest(SuiteRunner.java:387)
	at org.testng.SuiteRunner.runSequentially(SuiteRunner.java:382)
	at org.testng.SuiteRunner.privateRun(SuiteRunner.java:340)
	at org.testng.SuiteRunner.run(SuiteRunner.java:289)
	at org.testng.SuiteRunnerWorker.runSuite(SuiteRunnerWorker.java:52)
	at org.testng.SuiteRunnerWorker.run(SuiteRunnerWorker.java:86)
	at org.testng.TestNG.runSuitesSequentially(TestNG.java:1293)
	at org.testng.TestNG.runSuitesLocally(TestNG.java:1218)
	at org.testng.TestNG.runSuites(TestNG.java:1133)
	at org.testng.TestNG.run(TestNG.java:1104)
	at org.testng.remote.AbstractRemoteTestNG.run(AbstractRemoteTestNG.java:132)
	at org.testng.remote.RemoteTestNG.initAndRun(RemoteTestNG.java:230)
	at org.testng.remote.RemoteTestNG.main(RemoteTestNG.java:76)
</pre></div></td>
<td>33</td>
<td>TestScript.Package.Package@3b088d51</td></tr>
<tr>
<td title='TestScript.Package.Package.PackageTrip()'><b>PackageTrip</b><br>Test class: TestScript.Package.Package<br>Parameters: ql, dxb, Dubai, United Arab Emirates, 1, Anshu, Jain, 9212417567, anjali.jain@quadlabs.com, 4, 24, Double, 0, 0, Child without bed,Child with bed,Infant (0-2 years),Infant (0-2 years), 0, NO Twin, 4, 4, Child with bed,Child without bed,Infant (0-2 years),Infant (0-2 years), 0, Triple, 3, 1, Child without bed, Single, 4, 4, Child without bed,Child without bed,Infant (0-2 years),Infant (0-2 years), NO Quad, 4, 1, Child without bed, Mrs.,Mrs.,Mr.,Ms., Anjali,Swati,Priya,Anshu, Jain,jha,jha,jha, 987678765, anjali.jain@quadlabs.com, Mstr.,Miss., Dev,Saanvi, Jain,Gupta, 10/10/2013,23/09/2016, Mr., Aseem, Jain, Miss.,Mstr., Pari,Babu, Gupta,Garg, 10/10/2017,22/11/2017, 2, Mrs.,Mrs.,Mr.,Ms., Anjali,Swati,Priya,Anshu, Jain,jha,jha,jha, Mstr.,Miss., Dev,Saanvi, Jain,Gupta, 10/10/2013,13/09/2009, Mr., Aseem, Jain, Miss.,Miss., Pari,Ladoo, Gupta,jain, 10/10/2018,25/04/2018, 2, Mrs.,Mrs.,Mr., Anjali,Swati,Priya, Jain,jha,jha, Mstr., Dev, Jain, 16/04/2014, Miss., Pari, Gupta, 12/01/2019,25/05/2013, 0, Mrs.,Mrs.,Mr.,Ms., Anjali,Swati,Priya,Anshu, Jain,jha,jha,jha, Mstr.,Miss.,Mstr., Dev,Saanvi,Babu, Jain,Gupta,garg, 16/12/2014,23/09/2011, Miss., Pari, Gupta, 18/12/2017,22/11/2017, 2, Mrs.,Mrs.,Mr.,Ms., Anjali,Swati,Priya,Anshu, Jain,jha,jha,jha, Mstr., Dev, Jain, 26/02/2014, Miss., Pari, Gupta, 17/10/2018,22/06/2018, 0, Credit Card, Master Card, 4811111111111114, test test, 11, 2020, 123, Nirman nagar, Jai, Jaipur, Haryana, India, sgl, Deposit</td>
<td><div><pre>org.openqa.selenium.WebDriverException: chrome not reachable
  (Session info: chrome=73.0.3683.86)
  (Driver info: chromedriver=73.0.3683.68 (47787ec04b6e38e22703e856e101e840b65afe72),platform=Windows NT 10.0.15063 x86_64) (WARNING: The server did not provide any stacktrace information)
Command duration or timeout: 6.01 seconds
Build info: version: &apos;3.0.1&apos;, revision: &apos;1969d75&apos;, time: &apos;2016-10-18 09:49:13 -0700&apos;
System info: host: &apos;Anjali&apos;, ip: &apos;192.168.111.206&apos;, os.name: &apos;Windows 10&apos;, os.arch: &apos;amd64&apos;, os.version: &apos;10.0&apos;, java.version: &apos;1.8.0_121&apos;
Driver info: org.openqa.selenium.chrome.ChromeDriver
Capabilities [{mobileEmulationEnabled=false, timeouts={implicit=0, pageLoad=300000, script=30000}, hasTouchScreen=false, platform=XP, acceptSslCerts=false, goog:chromeOptions={debuggerAddress=localhost:63123}, acceptInsecureCerts=false, webStorageEnabled=true, browserName=chrome, takesScreenshot=true, javascriptEnabled=true, setWindowRect=true, unexpectedAlertBehaviour=ignore, applicationCacheEnabled=false, rotatable=false, networkConnectionEnabled=false, chrome={chromedriverVersion=73.0.3683.68 (47787ec04b6e38e22703e856e101e840b65afe72), userDataDir=C:\Users\ANJALI~1.JAI\AppData\Local\Temp\scoped_dir12448_23738}, takesHeapSnapshot=true, pageLoadStrategy=normal, strictFileInteractability=false, databaseEnabled=false, handlesAlerts=true, version=73.0.3683.86, browserConnectionEnabled=false, proxy={}, nativeEvents=true, locationContextEnabled=true, cssSelectorsEnabled=true}]
Session ID: 3d8912d6402d58a9c5e5d8b47ecfaf29
	at org.openqa.selenium.remote.ErrorHandler.createThrowable(ErrorHandler.java:216)
	at org.openqa.selenium.remote.ErrorHandler.throwIfResponseFailed(ErrorHandler.java:168)
	at org.openqa.selenium.remote.RemoteWebDriver.execute(RemoteWebDriver.java:635)
	at org.openqa.selenium.remote.RemoteWebDriver.get(RemoteWebDriver.java:322)
	at Base.TestBase.Companycode(TestBase.java:90)
	at TestScript.Package.Package.PackageTrip(Package.java:62)
... Removed 29 stack frames</pre></div><a href='#' onClick='toggleBox("stack-trace1533662221", this, "Click to show all stack frames", "Click to hide stack frames")'>Click to show all stack frames</a>
<div class='stack-trace' id='stack-trace1533662221'><pre>org.openqa.selenium.WebDriverException: chrome not reachable
  (Session info: chrome=73.0.3683.86)
  (Driver info: chromedriver=73.0.3683.68 (47787ec04b6e38e22703e856e101e840b65afe72),platform=Windows NT 10.0.15063 x86_64) (WARNING: The server did not provide any stacktrace information)
Command duration or timeout: 6.01 seconds
Build info: version: &apos;3.0.1&apos;, revision: &apos;1969d75&apos;, time: &apos;2016-10-18 09:49:13 -0700&apos;
System info: host: &apos;Anjali&apos;, ip: &apos;192.168.111.206&apos;, os.name: &apos;Windows 10&apos;, os.arch: &apos;amd64&apos;, os.version: &apos;10.0&apos;, java.version: &apos;1.8.0_121&apos;
Driver info: org.openqa.selenium.chrome.ChromeDriver
Capabilities [{mobileEmulationEnabled=false, timeouts={implicit=0, pageLoad=300000, script=30000}, hasTouchScreen=false, platform=XP, acceptSslCerts=false, goog:chromeOptions={debuggerAddress=localhost:63123}, acceptInsecureCerts=false, webStorageEnabled=true, browserName=chrome, takesScreenshot=true, javascriptEnabled=true, setWindowRect=true, unexpectedAlertBehaviour=ignore, applicationCacheEnabled=false, rotatable=false, networkConnectionEnabled=false, chrome={chromedriverVersion=73.0.3683.68 (47787ec04b6e38e22703e856e101e840b65afe72), userDataDir=C:\Users\ANJALI~1.JAI\AppData\Local\Temp\scoped_dir12448_23738}, takesHeapSnapshot=true, pageLoadStrategy=normal, strictFileInteractability=false, databaseEnabled=false, handlesAlerts=true, version=73.0.3683.86, browserConnectionEnabled=false, proxy={}, nativeEvents=true, locationContextEnabled=true, cssSelectorsEnabled=true}]
Session ID: 3d8912d6402d58a9c5e5d8b47ecfaf29
	at sun.reflect.NativeConstructorAccessorImpl.newInstance0(Native Method)
	at sun.reflect.NativeConstructorAccessorImpl.newInstance(Unknown Source)
	at sun.reflect.DelegatingConstructorAccessorImpl.newInstance(Unknown Source)
	at java.lang.reflect.Constructor.newInstance(Unknown Source)
	at org.openqa.selenium.remote.ErrorHandler.createThrowable(ErrorHandler.java:216)
	at org.openqa.selenium.remote.ErrorHandler.throwIfResponseFailed(ErrorHandler.java:168)
	at org.openqa.selenium.remote.RemoteWebDriver.execute(RemoteWebDriver.java:635)
	at org.openqa.selenium.remote.RemoteWebDriver.get(RemoteWebDriver.java:322)
	at Base.TestBase.Companycode(TestBase.java:90)
	at TestScript.Package.Package.PackageTrip(Package.java:62)
	at sun.reflect.NativeMethodAccessorImpl.invoke0(Native Method)
	at sun.reflect.NativeMethodAccessorImpl.invoke(Unknown Source)
	at sun.reflect.DelegatingMethodAccessorImpl.invoke(Unknown Source)
	at java.lang.reflect.Method.invoke(Unknown Source)
	at org.testng.internal.MethodInvocationHelper.invokeMethod(MethodInvocationHelper.java:104)
	at org.testng.internal.Invoker.invokeMethod(Invoker.java:645)
	at org.testng.internal.Invoker.invokeTestMethod(Invoker.java:851)
	at org.testng.internal.Invoker.invokeTestMethods(Invoker.java:1177)
	at org.testng.internal.TestMethodWorker.invokeTestMethods(TestMethodWorker.java:129)
	at org.testng.internal.TestMethodWorker.run(TestMethodWorker.java:112)
	at org.testng.TestRunner.privateRun(TestRunner.java:756)
	at org.testng.TestRunner.run(TestRunner.java:610)
	at org.testng.SuiteRunner.runTest(SuiteRunner.java:387)
	at org.testng.SuiteRunner.runSequentially(SuiteRunner.java:382)
	at org.testng.SuiteRunner.privateRun(SuiteRunner.java:340)
	at org.testng.SuiteRunner.run(SuiteRunner.java:289)
	at org.testng.SuiteRunnerWorker.runSuite(SuiteRunnerWorker.java:52)
	at org.testng.SuiteRunnerWorker.run(SuiteRunnerWorker.java:86)
	at org.testng.TestNG.runSuitesSequentially(TestNG.java:1293)
	at org.testng.TestNG.runSuitesLocally(TestNG.java:1218)
	at org.testng.TestNG.runSuites(TestNG.java:1133)
	at org.testng.TestNG.run(TestNG.java:1104)
	at org.testng.remote.AbstractRemoteTestNG.run(AbstractRemoteTestNG.java:132)
	at org.testng.remote.RemoteTestNG.initAndRun(RemoteTestNG.java:230)
	at org.testng.remote.RemoteTestNG.main(RemoteTestNG.java:76)
</pre></div></td>
<td>6</td>
<td>TestScript.Package.Package@3b088d51</td></tr>
</table><p>
</body>
</html>